mode: set
41.neocities.org/protobuf/protobuf.go:10.48,11.23 1 1
41.neocities.org/protobuf/protobuf.go:11.23,14.21 3 1
41.neocities.org/protobuf/protobuf.go:14.21,16.8 1 0
41.neocities.org/protobuf/protobuf.go:17.7,19.24 2 1
41.neocities.org/protobuf/protobuf.go:20.32,23.24 3 1
41.neocities.org/protobuf/protobuf.go:23.24,25.11 1 1
41.neocities.org/protobuf/protobuf.go:26.10,29.28 2 1
41.neocities.org/protobuf/protobuf.go:30.34,33.24 3 1
41.neocities.org/protobuf/protobuf.go:33.24,35.11 1 0
41.neocities.org/protobuf/protobuf.go:36.10,39.28 2 1
41.neocities.org/protobuf/protobuf.go:40.34,43.24 3 1
41.neocities.org/protobuf/protobuf.go:43.24,45.11 1 0
41.neocities.org/protobuf/protobuf.go:46.10,49.28 2 1
41.neocities.org/protobuf/protobuf.go:50.33,53.24 3 1
41.neocities.org/protobuf/protobuf.go:53.24,55.11 1 0
41.neocities.org/protobuf/protobuf.go:56.10,59.28 2 1
41.neocities.org/protobuf/protobuf.go:60.15,61.62 1 1
41.neocities.org/protobuf/protobuf.go:64.4,64.14 1 1
41.neocities.org/protobuf/protobuf.go:67.36,69.24 2 1
41.neocities.org/protobuf/protobuf.go:69.24,71.5 1 0
41.neocities.org/protobuf/protobuf.go:72.4,73.23 2 1
41.neocities.org/protobuf/protobuf.go:77.53,81.2 3 0
41.neocities.org/protobuf/protobuf.go:83.60,85.32 2 0
41.neocities.org/protobuf/protobuf.go:85.32,86.26 1 0
41.neocities.org/protobuf/protobuf.go:86.26,88.51 2 0
41.neocities.org/protobuf/protobuf.go:89.21,90.32 1 0
41.neocities.org/protobuf/protobuf.go:91.26,92.38 1 0
41.neocities.org/protobuf/protobuf.go:95.7,95.24 1 0
41.neocities.org/protobuf/protobuf.go:99.57,101.34 2 0
41.neocities.org/protobuf/protobuf.go:101.34,102.26 1 0
41.neocities.org/protobuf/protobuf.go:102.26,104.51 2 0
41.neocities.org/protobuf/protobuf.go:105.23,106.32 1 0
41.neocities.org/protobuf/protobuf.go:107.26,108.40 1 0
41.neocities.org/protobuf/protobuf.go:111.7,111.24 1 0
41.neocities.org/protobuf/protobuf.go:115.56,118.2 2 1
41.neocities.org/protobuf/protobuf.go:120.59,122.28 2 1
41.neocities.org/protobuf/protobuf.go:122.28,123.26 1 1
41.neocities.org/protobuf/protobuf.go:123.26,126.16 3 1
41.neocities.org/protobuf/protobuf.go:126.16,128.11 1 1
41.neocities.org/protobuf/protobuf.go:130.7,130.28 1 0
41.neocities.org/protobuf/protobuf.go:161.34,163.2 1 1
41.neocities.org/protobuf/protobuf.go:174.55,177.2 2 1
41.neocities.org/protobuf/protobuf.go:179.32,181.2 1 1
41.neocities.org/protobuf/protobuf.go:183.53,186.2 2 1
41.neocities.org/protobuf/protobuf.go:188.32,190.2 1 1
41.neocities.org/protobuf/protobuf.go:192.53,195.2 2 1
41.neocities.org/protobuf/protobuf.go:197.51,199.2 1 1
41.neocities.org/protobuf/protobuf.go:201.45,203.2 1 1
41.neocities.org/protobuf/protobuf.go:205.45,207.2 1 1
41.neocities.org/protobuf/protobuf.go:209.49,211.2 1 1
41.neocities.org/protobuf/protobuf.go:213.39,219.2 5 1
41.neocities.org/protobuf/protobuf.go:221.60,224.2 2 1
41.neocities.org/protobuf/protobuf.go:226.35,228.29 2 1
41.neocities.org/protobuf/protobuf.go:228.29,230.5 1 1
41.neocities.org/protobuf/protobuf.go:231.4,231.15 1 1
41.neocities.org/protobuf/protobuf.go:234.62,236.2 1 1
41.neocities.org/protobuf/protobuf.go:238.56,240.2 1 1
41.neocities.org/protobuf/protobuf.go:242.56,244.2 1 1
41.neocities.org/protobuf/protobuf.go:246.35,248.2 1 1
41.neocities.org/protobuf/protobuf.go:250.57,253.2 2 1
41.neocities.org/protobuf/protobuf.go:255.35,257.22 2 1
41.neocities.org/protobuf/protobuf.go:257.22,259.35 2 1
41.neocities.org/protobuf/protobuf.go:259.35,261.8 1 1
41.neocities.org/protobuf/protobuf.go:263.4,263.22 1 1
