mode: set
41.neocities.org/protobuf/protobuf.go:10.62,12.2 1 0
41.neocities.org/protobuf/protobuf.go:14.56,16.2 1 0
41.neocities.org/protobuf/protobuf.go:18.56,20.2 1 0
41.neocities.org/protobuf/protobuf.go:22.48,23.23 1 1
41.neocities.org/protobuf/protobuf.go:23.23,26.21 3 1
41.neocities.org/protobuf/protobuf.go:26.21,28.8 1 0
41.neocities.org/protobuf/protobuf.go:29.7,31.24 2 1
41.neocities.org/protobuf/protobuf.go:32.32,35.24 3 1
41.neocities.org/protobuf/protobuf.go:35.24,37.11 1 1
41.neocities.org/protobuf/protobuf.go:38.10,41.28 2 1
41.neocities.org/protobuf/protobuf.go:42.34,45.24 3 1
41.neocities.org/protobuf/protobuf.go:45.24,47.11 1 0
41.neocities.org/protobuf/protobuf.go:48.10,51.28 2 1
41.neocities.org/protobuf/protobuf.go:52.34,55.24 3 1
41.neocities.org/protobuf/protobuf.go:55.24,57.11 1 0
41.neocities.org/protobuf/protobuf.go:58.10,61.28 2 1
41.neocities.org/protobuf/protobuf.go:62.33,65.24 3 1
41.neocities.org/protobuf/protobuf.go:65.24,67.11 1 0
41.neocities.org/protobuf/protobuf.go:68.10,71.28 2 1
41.neocities.org/protobuf/protobuf.go:72.15,73.62 1 1
41.neocities.org/protobuf/protobuf.go:76.4,76.14 1 1
41.neocities.org/protobuf/protobuf.go:79.36,81.24 2 1
41.neocities.org/protobuf/protobuf.go:81.24,83.5 1 0
41.neocities.org/protobuf/protobuf.go:84.4,85.23 2 1
41.neocities.org/protobuf/protobuf.go:88.57,91.2 2 0
41.neocities.org/protobuf/protobuf.go:94.53,98.2 3 0
41.neocities.org/protobuf/protobuf.go:100.60,102.32 2 0
41.neocities.org/protobuf/protobuf.go:102.32,103.26 1 0
41.neocities.org/protobuf/protobuf.go:103.26,105.51 2 0
41.neocities.org/protobuf/protobuf.go:106.21,107.32 1 0
41.neocities.org/protobuf/protobuf.go:108.26,109.38 1 0
41.neocities.org/protobuf/protobuf.go:112.7,112.24 1 0
41.neocities.org/protobuf/protobuf.go:116.57,118.34 2 0
41.neocities.org/protobuf/protobuf.go:118.34,119.26 1 0
41.neocities.org/protobuf/protobuf.go:119.26,121.51 2 0
41.neocities.org/protobuf/protobuf.go:122.23,123.32 1 0
41.neocities.org/protobuf/protobuf.go:124.26,125.40 1 0
41.neocities.org/protobuf/protobuf.go:128.7,128.24 1 0
41.neocities.org/protobuf/protobuf.go:132.35,134.22 2 1
41.neocities.org/protobuf/protobuf.go:134.22,136.35 2 1
41.neocities.org/protobuf/protobuf.go:136.35,138.8 1 0
41.neocities.org/protobuf/protobuf.go:140.4,140.22 1 1
41.neocities.org/protobuf/protobuf.go:143.56,146.2 2 1
41.neocities.org/protobuf/protobuf.go:148.35,150.2 1 0
41.neocities.org/protobuf/protobuf.go:152.59,154.28 2 0
41.neocities.org/protobuf/protobuf.go:154.28,155.26 1 0
41.neocities.org/protobuf/protobuf.go:155.26,158.16 3 0
41.neocities.org/protobuf/protobuf.go:158.16,160.11 1 0
41.neocities.org/protobuf/protobuf.go:162.7,162.28 1 0
41.neocities.org/protobuf/protobuf.go:193.34,195.2 1 1
41.neocities.org/protobuf/protobuf.go:206.55,209.2 2 1
41.neocities.org/protobuf/protobuf.go:211.32,213.2 1 1
41.neocities.org/protobuf/protobuf.go:215.53,218.2 2 1
41.neocities.org/protobuf/protobuf.go:220.32,222.2 1 1
41.neocities.org/protobuf/protobuf.go:224.53,227.2 2 1
41.neocities.org/protobuf/protobuf.go:229.51,231.2 1 1
41.neocities.org/protobuf/protobuf.go:233.45,235.2 1 1
41.neocities.org/protobuf/protobuf.go:237.45,239.2 1 1
41.neocities.org/protobuf/protobuf.go:241.49,243.2 1 1
41.neocities.org/protobuf/protobuf.go:245.39,251.2 5 1
41.neocities.org/protobuf/protobuf.go:253.60,256.2 2 1
41.neocities.org/protobuf/protobuf.go:258.35,260.29 2 1
41.neocities.org/protobuf/protobuf.go:260.29,262.5 1 1
41.neocities.org/protobuf/protobuf.go:263.4,263.15 1 1
